<?xml version="1.0" encoding="UTF-8"?>
<!-- Generated by org.testng.reporters.JUnitXMLReporter -->
<testsuite ignored="0" hostname="DESKTOP-OAPST3F" failures="0" tests="6" name="Test" time="73.283" errors="0" timestamp="2021-12-07T16:16:31 IST">
  <testcase classname="com.qa.testscript.TestBase" name="@BeforeClass setUp" time="12.233">
    <failure type="org.openqa.selenium.WebDriverException" message="chrome not reachable
  (Session info: MicrosoftEdge=96.0.1054.43)
Build info: version: &amp;apos;4.0.0&amp;apos;, revision: &amp;apos;3a21814679&amp;apos;
System info: host: &amp;apos;DESKTOP-OAPST3F&amp;apos;, ip: &amp;apos;192.168.0.136&amp;apos;, os.name: &amp;apos;Windows 10&amp;apos;, os.arch: &amp;apos;amd64&amp;apos;, os.version: &amp;apos;10.0&amp;apos;, java.version: &amp;apos;17.0.1&amp;apos;
Driver info: org.openqa.selenium.edge.EdgeDriver
Command: [94d7d222fc22c662158debf49d16600b, get {url=https://www.amazon.in}]
Capabilities {acceptInsecureCerts: false, browserName: msedge, browserVersion: 96.0.1054.43, javascriptEnabled: true, ms:edgeOptions: {debuggerAddress: localhost:55658}, msedge: {msedgedriverVersion: 96.0.1054.43 (dca8292d0a7a9..., userDataDir: C:\Users\Greeshma\AppData\L...}, networkConnectionEnabled: false, pageLoadStrategy: normal, platform: WINDOWS, platformName: WINDOWS, proxy: Proxy(), se:cdp: ws://localhost:55658/devtoo..., se:cdpVersion: 96.0.1054.43, setWindowRect: true, strictFileInteractability: false, timeouts: {implicit: 0, pageLoad: 300000, script: 30000}, unhandledPromptBehavior: dismiss and notify, webauthn:extension:credBlob: true, webauthn:extension:largeBlob: true, webauthn:virtualAuthenticators: true}
Session ID: 94d7d222fc22c662158debf49d16600b">
      <![CDATA[org.openqa.selenium.WebDriverException: chrome not reachable
  (Session info: MicrosoftEdge=96.0.1054.43)
Build info: version: '4.0.0', revision: '3a21814679'
System info: host: 'DESKTOP-OAPST3F', ip: '192.168.0.136', os.name: 'Windows 10', os.arch: 'amd64', os.version: '10.0', java.version: '17.0.1'
Driver info: org.openqa.selenium.edge.EdgeDriver
Command: [94d7d222fc22c662158debf49d16600b, get {url=https://www.amazon.in}]
Capabilities {acceptInsecureCerts: false, browserName: msedge, browserVersion: 96.0.1054.43, javascriptEnabled: true, ms:edgeOptions: {debuggerAddress: localhost:55658}, msedge: {msedgedriverVersion: 96.0.1054.43 (dca8292d0a7a9..., userDataDir: C:\Users\Greeshma\AppData\L...}, networkConnectionEnabled: false, pageLoadStrategy: normal, platform: WINDOWS, platformName: WINDOWS, proxy: Proxy(), se:cdp: ws://localhost:55658/devtoo..., se:cdpVersion: 96.0.1054.43, setWindowRect: true, strictFileInteractability: false, timeouts: {implicit: 0, pageLoad: 300000, script: 30000}, unhandledPromptBehavior: dismiss and notify, webauthn:extension:credBlob: true, webauthn:extension:largeBlob: true, webauthn:virtualAuthenticators: true}
Session ID: 94d7d222fc22c662158debf49d16600b
at org.openqa.selenium.remote.codec.w3c.W3CHttpResponseCodec.createException(W3CHttpResponseCodec.java:200)
at org.openqa.selenium.remote.codec.w3c.W3CHttpResponseCodec.decode(W3CHttpResponseCodec.java:133)
at org.openqa.selenium.remote.codec.w3c.W3CHttpResponseCodec.decode(W3CHttpResponseCodec.java:53)
at org.openqa.selenium.remote.HttpCommandExecutor.execute(HttpCommandExecutor.java:184)
at org.openqa.selenium.remote.service.DriverCommandExecutor.invokeExecute(DriverCommandExecutor.java:164)
at org.openqa.selenium.remote.service.DriverCommandExecutor.execute(DriverCommandExecutor.java:139)
at org.openqa.selenium.remote.RemoteWebDriver.execute(RemoteWebDriver.java:559)
at org.openqa.selenium.remote.RemoteWebDriver.get(RemoteWebDriver.java:328)
at com.qa.testscript.TestBase.setUp(TestBase.java:27)
at java.base/java.util.ArrayList.forEach(ArrayList.java:1511)
... Removed 30 stack frames]]>
    </failure>
  </testcase> <!-- @BeforeClass setUp -->
  <testcase classname="com.qa.testscript.TestBase" name="@AfterClass tearDown" time="-1.638873930357E9">
    <skipped/>
  </testcase> <!-- @AfterClass tearDown -->
  <testcase classname="com.qa.testscript.TestBase" name="@BeforeClass setUp" time="12.146">
    <failure type="org.openqa.selenium.WebDriverException" message="chrome not reachable
  (Session info: MicrosoftEdge=96.0.1054.43)
Build info: version: &amp;apos;4.0.0&amp;apos;, revision: &amp;apos;3a21814679&amp;apos;
System info: host: &amp;apos;DESKTOP-OAPST3F&amp;apos;, ip: &amp;apos;192.168.0.136&amp;apos;, os.name: &amp;apos;Windows 10&amp;apos;, os.arch: &amp;apos;amd64&amp;apos;, os.version: &amp;apos;10.0&amp;apos;, java.version: &amp;apos;17.0.1&amp;apos;
Driver info: org.openqa.selenium.edge.EdgeDriver
Command: [97153e48ceec1e83c07bb4d9c4bca100, get {url=https://www.amazon.in}]
Capabilities {acceptInsecureCerts: false, browserName: msedge, browserVersion: 96.0.1054.43, javascriptEnabled: true, ms:edgeOptions: {debuggerAddress: localhost:55687}, msedge: {msedgedriverVersion: 96.0.1054.43 (dca8292d0a7a9..., userDataDir: C:\Users\Greeshma\AppData\L...}, networkConnectionEnabled: false, pageLoadStrategy: normal, platform: WINDOWS, platformName: WINDOWS, proxy: Proxy(), se:cdp: ws://localhost:55687/devtoo..., se:cdpVersion: 96.0.1054.43, setWindowRect: true, strictFileInteractability: false, timeouts: {implicit: 0, pageLoad: 300000, script: 30000}, unhandledPromptBehavior: dismiss and notify, webauthn:extension:credBlob: true, webauthn:extension:largeBlob: true, webauthn:virtualAuthenticators: true}
Session ID: 97153e48ceec1e83c07bb4d9c4bca100">
      <![CDATA[org.openqa.selenium.WebDriverException: chrome not reachable
  (Session info: MicrosoftEdge=96.0.1054.43)
Build info: version: '4.0.0', revision: '3a21814679'
System info: host: 'DESKTOP-OAPST3F', ip: '192.168.0.136', os.name: 'Windows 10', os.arch: 'amd64', os.version: '10.0', java.version: '17.0.1'
Driver info: org.openqa.selenium.edge.EdgeDriver
Command: [97153e48ceec1e83c07bb4d9c4bca100, get {url=https://www.amazon.in}]
Capabilities {acceptInsecureCerts: false, browserName: msedge, browserVersion: 96.0.1054.43, javascriptEnabled: true, ms:edgeOptions: {debuggerAddress: localhost:55687}, msedge: {msedgedriverVersion: 96.0.1054.43 (dca8292d0a7a9..., userDataDir: C:\Users\Greeshma\AppData\L...}, networkConnectionEnabled: false, pageLoadStrategy: normal, platform: WINDOWS, platformName: WINDOWS, proxy: Proxy(), se:cdp: ws://localhost:55687/devtoo..., se:cdpVersion: 96.0.1054.43, setWindowRect: true, strictFileInteractability: false, timeouts: {implicit: 0, pageLoad: 300000, script: 30000}, unhandledPromptBehavior: dismiss and notify, webauthn:extension:credBlob: true, webauthn:extension:largeBlob: true, webauthn:virtualAuthenticators: true}
Session ID: 97153e48ceec1e83c07bb4d9c4bca100
at org.openqa.selenium.remote.codec.w3c.W3CHttpResponseCodec.createException(W3CHttpResponseCodec.java:200)
at org.openqa.selenium.remote.codec.w3c.W3CHttpResponseCodec.decode(W3CHttpResponseCodec.java:133)
at org.openqa.selenium.remote.codec.w3c.W3CHttpResponseCodec.decode(W3CHttpResponseCodec.java:53)
at org.openqa.selenium.remote.HttpCommandExecutor.execute(HttpCommandExecutor.java:184)
at org.openqa.selenium.remote.service.DriverCommandExecutor.invokeExecute(DriverCommandExecutor.java:164)
at org.openqa.selenium.remote.service.DriverCommandExecutor.execute(DriverCommandExecutor.java:139)
at org.openqa.selenium.remote.RemoteWebDriver.execute(RemoteWebDriver.java:559)
at org.openqa.selenium.remote.RemoteWebDriver.get(RemoteWebDriver.java:328)
at com.qa.testscript.TestBase.setUp(TestBase.java:27)
at java.base/java.util.ArrayList.forEach(ArrayList.java:1511)
... Removed 30 stack frames]]>
    </failure>
  </testcase> <!-- @BeforeClass setUp -->
  <testcase classname="com.qa.testscript.TestBase" name="@AfterClass tearDown" time="-1.638873942529E9">
    <skipped/>
  </testcase> <!-- @AfterClass tearDown -->
  <testcase classname="com.qa.testscript.TestBase" name="@BeforeClass setUp" time="12.178">
    <failure type="org.openqa.selenium.WebDriverException" message="chrome not reachable
  (Session info: MicrosoftEdge=96.0.1054.43)
Build info: version: &amp;apos;4.0.0&amp;apos;, revision: &amp;apos;3a21814679&amp;apos;
System info: host: &amp;apos;DESKTOP-OAPST3F&amp;apos;, ip: &amp;apos;192.168.0.136&amp;apos;, os.name: &amp;apos;Windows 10&amp;apos;, os.arch: &amp;apos;amd64&amp;apos;, os.version: &amp;apos;10.0&amp;apos;, java.version: &amp;apos;17.0.1&amp;apos;
Driver info: org.openqa.selenium.edge.EdgeDriver
Command: [f882dba7ff3a142e041ceee789600679, get {url=https://www.amazon.in}]
Capabilities {acceptInsecureCerts: false, browserName: msedge, browserVersion: 96.0.1054.43, javascriptEnabled: true, ms:edgeOptions: {debuggerAddress: localhost:55733}, msedge: {msedgedriverVersion: 96.0.1054.43 (dca8292d0a7a9..., userDataDir: C:\Users\Greeshma\AppData\L...}, networkConnectionEnabled: false, pageLoadStrategy: normal, platform: WINDOWS, platformName: WINDOWS, proxy: Proxy(), se:cdp: ws://localhost:55733/devtoo..., se:cdpVersion: 96.0.1054.43, setWindowRect: true, strictFileInteractability: false, timeouts: {implicit: 0, pageLoad: 300000, script: 30000}, unhandledPromptBehavior: dismiss and notify, webauthn:extension:credBlob: true, webauthn:extension:largeBlob: true, webauthn:virtualAuthenticators: true}
Session ID: f882dba7ff3a142e041ceee789600679">
      <![CDATA[org.openqa.selenium.WebDriverException: chrome not reachable
  (Session info: MicrosoftEdge=96.0.1054.43)
Build info: version: '4.0.0', revision: '3a21814679'
System info: host: 'DESKTOP-OAPST3F', ip: '192.168.0.136', os.name: 'Windows 10', os.arch: 'amd64', os.version: '10.0', java.version: '17.0.1'
Driver info: org.openqa.selenium.edge.EdgeDriver
Command: [f882dba7ff3a142e041ceee789600679, get {url=https://www.amazon.in}]
Capabilities {acceptInsecureCerts: false, browserName: msedge, browserVersion: 96.0.1054.43, javascriptEnabled: true, ms:edgeOptions: {debuggerAddress: localhost:55733}, msedge: {msedgedriverVersion: 96.0.1054.43 (dca8292d0a7a9..., userDataDir: C:\Users\Greeshma\AppData\L...}, networkConnectionEnabled: false, pageLoadStrategy: normal, platform: WINDOWS, platformName: WINDOWS, proxy: Proxy(), se:cdp: ws://localhost:55733/devtoo..., se:cdpVersion: 96.0.1054.43, setWindowRect: true, strictFileInteractability: false, timeouts: {implicit: 0, pageLoad: 300000, script: 30000}, unhandledPromptBehavior: dismiss and notify, webauthn:extension:credBlob: true, webauthn:extension:largeBlob: true, webauthn:virtualAuthenticators: true}
Session ID: f882dba7ff3a142e041ceee789600679
at org.openqa.selenium.remote.codec.w3c.W3CHttpResponseCodec.createException(W3CHttpResponseCodec.java:200)
at org.openqa.selenium.remote.codec.w3c.W3CHttpResponseCodec.decode(W3CHttpResponseCodec.java:133)
at org.openqa.selenium.remote.codec.w3c.W3CHttpResponseCodec.decode(W3CHttpResponseCodec.java:53)
at org.openqa.selenium.remote.HttpCommandExecutor.execute(HttpCommandExecutor.java:184)
at org.openqa.selenium.remote.service.DriverCommandExecutor.invokeExecute(DriverCommandExecutor.java:164)
at org.openqa.selenium.remote.service.DriverCommandExecutor.execute(DriverCommandExecutor.java:139)
at org.openqa.selenium.remote.RemoteWebDriver.execute(RemoteWebDriver.java:559)
at org.openqa.selenium.remote.RemoteWebDriver.get(RemoteWebDriver.java:328)
at com.qa.testscript.TestBase.setUp(TestBase.java:27)
at java.base/java.util.ArrayList.forEach(ArrayList.java:1511)
... Removed 30 stack frames]]>
    </failure>
  </testcase> <!-- @BeforeClass setUp -->
  <testcase classname="com.qa.testscript.TestBase" name="@AfterClass tearDown" time="-1.638873954739E9">
    <skipped/>
  </testcase> <!-- @AfterClass tearDown -->
  <testcase classname="com.qa.testscript.TestBase" name="@BeforeClass setUp" time="12.125">
    <failure type="org.openqa.selenium.WebDriverException" message="chrome not reachable
  (Session info: MicrosoftEdge=96.0.1054.43)
Build info: version: &amp;apos;4.0.0&amp;apos;, revision: &amp;apos;3a21814679&amp;apos;
System info: host: &amp;apos;DESKTOP-OAPST3F&amp;apos;, ip: &amp;apos;192.168.0.136&amp;apos;, os.name: &amp;apos;Windows 10&amp;apos;, os.arch: &amp;apos;amd64&amp;apos;, os.version: &amp;apos;10.0&amp;apos;, java.version: &amp;apos;17.0.1&amp;apos;
Driver info: org.openqa.selenium.edge.EdgeDriver
Command: [2435d65058b26f1c9dd6551f9da77bfb, get {url=https://www.amazon.in}]
Capabilities {acceptInsecureCerts: false, browserName: msedge, browserVersion: 96.0.1054.43, javascriptEnabled: true, ms:edgeOptions: {debuggerAddress: localhost:55766}, msedge: {msedgedriverVersion: 96.0.1054.43 (dca8292d0a7a9..., userDataDir: C:\Users\Greeshma\AppData\L...}, networkConnectionEnabled: false, pageLoadStrategy: normal, platform: WINDOWS, platformName: WINDOWS, proxy: Proxy(), se:cdp: ws://localhost:55766/devtoo..., se:cdpVersion: 96.0.1054.43, setWindowRect: true, strictFileInteractability: false, timeouts: {implicit: 0, pageLoad: 300000, script: 30000}, unhandledPromptBehavior: dismiss and notify, webauthn:extension:credBlob: true, webauthn:extension:largeBlob: true, webauthn:virtualAuthenticators: true}
Session ID: 2435d65058b26f1c9dd6551f9da77bfb">
      <![CDATA[org.openqa.selenium.WebDriverException: chrome not reachable
  (Session info: MicrosoftEdge=96.0.1054.43)
Build info: version: '4.0.0', revision: '3a21814679'
System info: host: 'DESKTOP-OAPST3F', ip: '192.168.0.136', os.name: 'Windows 10', os.arch: 'amd64', os.version: '10.0', java.version: '17.0.1'
Driver info: org.openqa.selenium.edge.EdgeDriver
Command: [2435d65058b26f1c9dd6551f9da77bfb, get {url=https://www.amazon.in}]
Capabilities {acceptInsecureCerts: false, browserName: msedge, browserVersion: 96.0.1054.43, javascriptEnabled: true, ms:edgeOptions: {debuggerAddress: localhost:55766}, msedge: {msedgedriverVersion: 96.0.1054.43 (dca8292d0a7a9..., userDataDir: C:\Users\Greeshma\AppData\L...}, networkConnectionEnabled: false, pageLoadStrategy: normal, platform: WINDOWS, platformName: WINDOWS, proxy: Proxy(), se:cdp: ws://localhost:55766/devtoo..., se:cdpVersion: 96.0.1054.43, setWindowRect: true, strictFileInteractability: false, timeouts: {implicit: 0, pageLoad: 300000, script: 30000}, unhandledPromptBehavior: dismiss and notify, webauthn:extension:credBlob: true, webauthn:extension:largeBlob: true, webauthn:virtualAuthenticators: true}
Session ID: 2435d65058b26f1c9dd6551f9da77bfb
at org.openqa.selenium.remote.codec.w3c.W3CHttpResponseCodec.createException(W3CHttpResponseCodec.java:200)
at org.openqa.selenium.remote.codec.w3c.W3CHttpResponseCodec.decode(W3CHttpResponseCodec.java:133)
at org.openqa.selenium.remote.codec.w3c.W3CHttpResponseCodec.decode(W3CHttpResponseCodec.java:53)
at org.openqa.selenium.remote.HttpCommandExecutor.execute(HttpCommandExecutor.java:184)
at org.openqa.selenium.remote.service.DriverCommandExecutor.invokeExecute(DriverCommandExecutor.java:164)
at org.openqa.selenium.remote.service.DriverCommandExecutor.execute(DriverCommandExecutor.java:139)
at org.openqa.selenium.remote.RemoteWebDriver.execute(RemoteWebDriver.java:559)
at org.openqa.selenium.remote.RemoteWebDriver.get(RemoteWebDriver.java:328)
at com.qa.testscript.TestBase.setUp(TestBase.java:27)
at java.base/java.util.ArrayList.forEach(ArrayList.java:1511)
... Removed 30 stack frames]]>
    </failure>
  </testcase> <!-- @BeforeClass setUp -->
  <testcase classname="com.qa.testscript.TestBase" name="@AfterClass tearDown" time="-1.63887396692E9">
    <skipped/>
  </testcase> <!-- @AfterClass tearDown -->
  <testcase classname="com.qa.testscript.TestBase" name="@BeforeClass setUp" time="12.196">
    <failure type="org.openqa.selenium.WebDriverException" message="chrome not reachable
  (Session info: MicrosoftEdge=96.0.1054.43)
Build info: version: &amp;apos;4.0.0&amp;apos;, revision: &amp;apos;3a21814679&amp;apos;
System info: host: &amp;apos;DESKTOP-OAPST3F&amp;apos;, ip: &amp;apos;192.168.0.136&amp;apos;, os.name: &amp;apos;Windows 10&amp;apos;, os.arch: &amp;apos;amd64&amp;apos;, os.version: &amp;apos;10.0&amp;apos;, java.version: &amp;apos;17.0.1&amp;apos;
Driver info: org.openqa.selenium.edge.EdgeDriver
Command: [7c5d0dbfa177327dff94236050087c73, get {url=https://www.amazon.in}]
Capabilities {acceptInsecureCerts: false, browserName: msedge, browserVersion: 96.0.1054.43, javascriptEnabled: true, ms:edgeOptions: {debuggerAddress: localhost:55807}, msedge: {msedgedriverVersion: 96.0.1054.43 (dca8292d0a7a9..., userDataDir: C:\Users\Greeshma\AppData\L...}, networkConnectionEnabled: false, pageLoadStrategy: normal, platform: WINDOWS, platformName: WINDOWS, proxy: Proxy(), se:cdp: ws://localhost:55807/devtoo..., se:cdpVersion: 96.0.1054.43, setWindowRect: true, strictFileInteractability: false, timeouts: {implicit: 0, pageLoad: 300000, script: 30000}, unhandledPromptBehavior: dismiss and notify, webauthn:extension:credBlob: true, webauthn:extension:largeBlob: true, webauthn:virtualAuthenticators: true}
Session ID: 7c5d0dbfa177327dff94236050087c73">
      <![CDATA[org.openqa.selenium.WebDriverException: chrome not reachable
  (Session info: MicrosoftEdge=96.0.1054.43)
Build info: version: '4.0.0', revision: '3a21814679'
System info: host: 'DESKTOP-OAPST3F', ip: '192.168.0.136', os.name: 'Windows 10', os.arch: 'amd64', os.version: '10.0', java.version: '17.0.1'
Driver info: org.openqa.selenium.edge.EdgeDriver
Command: [7c5d0dbfa177327dff94236050087c73, get {url=https://www.amazon.in}]
Capabilities {acceptInsecureCerts: false, browserName: msedge, browserVersion: 96.0.1054.43, javascriptEnabled: true, ms:edgeOptions: {debuggerAddress: localhost:55807}, msedge: {msedgedriverVersion: 96.0.1054.43 (dca8292d0a7a9..., userDataDir: C:\Users\Greeshma\AppData\L...}, networkConnectionEnabled: false, pageLoadStrategy: normal, platform: WINDOWS, platformName: WINDOWS, proxy: Proxy(), se:cdp: ws://localhost:55807/devtoo..., se:cdpVersion: 96.0.1054.43, setWindowRect: true, strictFileInteractability: false, timeouts: {implicit: 0, pageLoad: 300000, script: 30000}, unhandledPromptBehavior: dismiss and notify, webauthn:extension:credBlob: true, webauthn:extension:largeBlob: true, webauthn:virtualAuthenticators: true}
Session ID: 7c5d0dbfa177327dff94236050087c73
at org.openqa.selenium.remote.codec.w3c.W3CHttpResponseCodec.createException(W3CHttpResponseCodec.java:200)
at org.openqa.selenium.remote.codec.w3c.W3CHttpResponseCodec.decode(W3CHttpResponseCodec.java:133)
at org.openqa.selenium.remote.codec.w3c.W3CHttpResponseCodec.decode(W3CHttpResponseCodec.java:53)
at org.openqa.selenium.remote.HttpCommandExecutor.execute(HttpCommandExecutor.java:184)
at org.openqa.selenium.remote.service.DriverCommandExecutor.invokeExecute(DriverCommandExecutor.java:164)
at org.openqa.selenium.remote.service.DriverCommandExecutor.execute(DriverCommandExecutor.java:139)
at org.openqa.selenium.remote.RemoteWebDriver.execute(RemoteWebDriver.java:559)
at org.openqa.selenium.remote.RemoteWebDriver.get(RemoteWebDriver.java:328)
at com.qa.testscript.TestBase.setUp(TestBase.java:27)
at java.base/java.util.ArrayList.forEach(ArrayList.java:1511)
... Removed 30 stack frames]]>
    </failure>
  </testcase> <!-- @BeforeClass setUp -->
  <testcase classname="com.qa.testscript.TestBase" name="@AfterClass tearDown" time="-1.638873979143E9">
    <skipped/>
  </testcase> <!-- @AfterClass tearDown -->
  <testcase classname="com.qa.testscript.TestBase" name="@BeforeClass setUp" time="12.117">
    <failure type="org.openqa.selenium.WebDriverException" message="chrome not reachable
  (Session info: MicrosoftEdge=96.0.1054.43)
Build info: version: &amp;apos;4.0.0&amp;apos;, revision: &amp;apos;3a21814679&amp;apos;
System info: host: &amp;apos;DESKTOP-OAPST3F&amp;apos;, ip: &amp;apos;192.168.0.136&amp;apos;, os.name: &amp;apos;Windows 10&amp;apos;, os.arch: &amp;apos;amd64&amp;apos;, os.version: &amp;apos;10.0&amp;apos;, java.version: &amp;apos;17.0.1&amp;apos;
Driver info: org.openqa.selenium.edge.EdgeDriver
Command: [80daa8651e1c05bb5aa8b687fb51c7b5, get {url=https://www.amazon.in}]
Capabilities {acceptInsecureCerts: false, browserName: msedge, browserVersion: 96.0.1054.43, javascriptEnabled: true, ms:edgeOptions: {debuggerAddress: localhost:55834}, msedge: {msedgedriverVersion: 96.0.1054.43 (dca8292d0a7a9..., userDataDir: C:\Users\Greeshma\AppData\L...}, networkConnectionEnabled: false, pageLoadStrategy: normal, platform: WINDOWS, platformName: WINDOWS, proxy: Proxy(), se:cdp: ws://localhost:55834/devtoo..., se:cdpVersion: 96.0.1054.43, setWindowRect: true, strictFileInteractability: false, timeouts: {implicit: 0, pageLoad: 300000, script: 30000}, unhandledPromptBehavior: dismiss and notify, webauthn:extension:credBlob: true, webauthn:extension:largeBlob: true, webauthn:virtualAuthenticators: true}
Session ID: 80daa8651e1c05bb5aa8b687fb51c7b5">
      <![CDATA[org.openqa.selenium.WebDriverException: chrome not reachable
  (Session info: MicrosoftEdge=96.0.1054.43)
Build info: version: '4.0.0', revision: '3a21814679'
System info: host: 'DESKTOP-OAPST3F', ip: '192.168.0.136', os.name: 'Windows 10', os.arch: 'amd64', os.version: '10.0', java.version: '17.0.1'
Driver info: org.openqa.selenium.edge.EdgeDriver
Command: [80daa8651e1c05bb5aa8b687fb51c7b5, get {url=https://www.amazon.in}]
Capabilities {acceptInsecureCerts: false, browserName: msedge, browserVersion: 96.0.1054.43, javascriptEnabled: true, ms:edgeOptions: {debuggerAddress: localhost:55834}, msedge: {msedgedriverVersion: 96.0.1054.43 (dca8292d0a7a9..., userDataDir: C:\Users\Greeshma\AppData\L...}, networkConnectionEnabled: false, pageLoadStrategy: normal, platform: WINDOWS, platformName: WINDOWS, proxy: Proxy(), se:cdp: ws://localhost:55834/devtoo..., se:cdpVersion: 96.0.1054.43, setWindowRect: true, strictFileInteractability: false, timeouts: {implicit: 0, pageLoad: 300000, script: 30000}, unhandledPromptBehavior: dismiss and notify, webauthn:extension:credBlob: true, webauthn:extension:largeBlob: true, webauthn:virtualAuthenticators: true}
Session ID: 80daa8651e1c05bb5aa8b687fb51c7b5
at org.openqa.selenium.remote.codec.w3c.W3CHttpResponseCodec.createException(W3CHttpResponseCodec.java:200)
at org.openqa.selenium.remote.codec.w3c.W3CHttpResponseCodec.decode(W3CHttpResponseCodec.java:133)
at org.openqa.selenium.remote.codec.w3c.W3CHttpResponseCodec.decode(W3CHttpResponseCodec.java:53)
at org.openqa.selenium.remote.HttpCommandExecutor.execute(HttpCommandExecutor.java:184)
at org.openqa.selenium.remote.service.DriverCommandExecutor.invokeExecute(DriverCommandExecutor.java:164)
at org.openqa.selenium.remote.service.DriverCommandExecutor.execute(DriverCommandExecutor.java:139)
at org.openqa.selenium.remote.RemoteWebDriver.execute(RemoteWebDriver.java:559)
at org.openqa.selenium.remote.RemoteWebDriver.get(RemoteWebDriver.java:328)
at com.qa.testscript.TestBase.setUp(TestBase.java:27)
at java.base/java.util.ArrayList.forEach(ArrayList.java:1511)
... Removed 30 stack frames]]>
    </failure>
  </testcase> <!-- @BeforeClass setUp -->
  <testcase classname="com.qa.testscript.TestBase" name="@AfterClass tearDown" time="-1.638873991286E9">
    <skipped/>
  </testcase> <!-- @AfterClass tearDown -->
  <testcase classname="com.qa.testscript.HomePage" name="Home" time="0.0">
    <skipped/>
  </testcase> <!-- Home -->
  <testcase classname="com.qa.testscript.SearchFunctionality" name="Search" time="0.0">
    <skipped/>
  </testcase> <!-- Search -->
  <testcase classname="com.qa.testscript.ProductDetails" name="Details" time="0.0">
    <skipped/>
  </testcase> <!-- Details -->
  <testcase classname="com.qa.testscript.CartPage" name="addtocart" time="0.0">
    <skipped/>
  </testcase> <!-- addtocart -->
  <testcase classname="com.qa.testscript.OrdersPage" name="Order" time="0.0">
    <skipped/>
  </testcase> <!-- Order -->
  <testcase classname="com.qa.testscript.CustomerService" name="Service" time="0.0">
    <skipped/>
  </testcase> <!-- Service -->
</testsuite> <!-- Test -->
